<?xml version="1.0" encoding="UTF-8"?>
<!-- Generated by org.testng.reporters.JUnitReportReporter -->
<testsuite hostname="VOSTRO3450" name="Test.EmailTestNG" tests="1" failures="0" timestamp="20 Mar 2018 02:43:37 GMT" time="12.970" errors="0">
  <testcase name="feature" time="12.970" classname="Test.EmailTestNG"/>
</testsuite> <!-- Test.EmailTestNG -->
