<?xml version="1.0" encoding="UTF-8"?>
<!-- Generated by org.testng.reporters.JUnitReportReporter -->
<testsuite hostname="VOSTRO3450" name="Test.EmailTest2" tests="1" failures="0" timestamp="20 Mar 2018 02:12:15 GMT" time="14.485" errors="0">
  <testcase name="feature" time="14.485" classname="Test.EmailTest2"/>
</testsuite> <!-- Test.EmailTest2 -->
